[INFO] 20885215745549230156_201801_DETAILS.csv文件写入完成，共计824417行 [2021-01-31 15:49:32 PM]
[INFO] 20885215745549230156_201802_DETAILS.csv文件写入完成，共计723807行 [2021-01-31 15:50:53 PM]
[INFO] 20885215745549230156_201803_DETAILS.csv文件写入完成，共计1270877行 [2021-01-31 15:53:19 PM]
[INFO] 20885215745549230156_201804_DETAILS.csv文件写入完成，共计861796行 [2021-01-31 15:54:57 PM]
[INFO] 20885215745549230156_201805_DETAILS.csv文件写入完成，共计606419行 [2021-01-31 15:56:05 PM]
[INFO] 20885215745549230156_201806_DETAILS.csv文件写入完成，共计656990行 [2021-01-31 15:57:20 PM]
[INFO] 20885215745549230156_201807_DETAILS.csv文件写入完成，共计983155行 [2021-01-31 15:59:15 PM]
[INFO] 20885215745549230156_201808_DETAILS.csv文件写入完成，共计1588459行 [2021-01-31 16:02:23 PM]
[INFO] 20885215745549230156_201809_DETAILS.csv文件写入完成，共计1092978行 [2021-01-31 16:04:34 PM]
[INFO] 20885215745549230156_201810_DETAILS.csv文件写入完成，共计793574行 [2021-01-31 16:06:13 PM]
[INFO] 20885215745549230156_201811_DETAILS.csv文件写入完成，共计4420017行 [2021-01-31 16:14:46 PM]
[INFO] 20885215745549230156_201812_DETAILS.csv文件写入完成，共计1573693行 [2021-01-31 16:17:54 PM]
[INFO] 20885215745549230156_201901_DETAILS.csv文件写入完成，共计1460335行 [2021-01-31 16:20:48 PM]
[INFO] 20885215745549230156_201902_DETAILS.csv文件写入完成，共计999378行 [2021-01-31 16:22:51 PM]
[INFO] 20885215745549230156_201903_DETAILS.csv文件写入完成，共计2150134行 [2021-01-31 16:27:18 PM]
[INFO] 20885215745549230156_201904_DETAILS.csv文件写入完成，共计1764813行 [2021-01-31 16:30:49 PM]
[INFO] 20885215745549230156_201905_DETAILS.csv文件写入完成，共计1381777行 [2021-01-31 16:33:41 PM]
[INFO] 20885215745549230156_201906_DETAILS.csv文件写入完成，共计1167193行 [2021-01-31 16:36:04 PM]
[INFO] 20885215745549230156_201907_DETAILS.csv文件写入完成，共计1892151行 [2021-01-31 16:40:00 PM]
[INFO] 20885215745549230156_201908_DETAILS.csv文件写入完成，共计3837860行 [2021-01-31 16:47:32 PM]
[INFO] 20885215745549230156_201909_DETAILS.csv文件写入完成，共计2079099行 [2021-01-31 16:51:52 PM]
[INFO] 20885215745549230156_201910_DETAILS.csv文件写入完成，共计1606222行 [2021-01-31 16:55:19 PM]
[INFO] 20885215745549230156_201911_DETAILS.csv文件写入完成，共计7203876行 [2021-01-31 17:10:13 PM]
[INFO] 20885215745549230156_201912_DETAILS.csv文件写入完成，共计2987776行 [2021-01-31 17:16:25 PM]
[INFO] 20885215745549230156_202001_DETAILS.csv文件写入完成，共计2344568行 [2021-01-31 17:21:14 PM]
[INFO] 20885215745549230156_202002_DETAILS.csv文件写入完成，共计1285631行 [2021-01-31 17:24:01 PM]
[INFO] 20885215745549230156_202003_DETAILS.csv文件写入完成，共计1872658行 [2021-01-31 17:27:59 PM]
[INFO] 20885215745549230156_202004_DETAILS.csv文件写入完成，共计2435392行 [2021-01-31 17:32:56 PM]
[INFO] 20885215745549230156_202005_DETAILS.csv文件写入完成，共计1549252行 [2021-01-31 17:36:10 PM]
[INFO] 20885215745549230156_202006_DETAILS.csv文件写入完成，共计2187920行 [2021-01-31 17:40:45 PM]
[INFO] 20885215745549230156_202007_DETAILS.csv文件写入完成，共计955028行 [2021-01-31 17:42:43 PM]
[INFO] 20885215745549230156_202008_DETAILS.csv文件写入完成，共计2490762行 [2021-01-31 17:47:59 PM]
[INFO] 20885215745549230156_202009_DETAILS.csv文件写入完成，共计1891605行 [2021-01-31 17:51:59 PM]
[INFO] 20885215745549230156_202010_DETAILS.csv文件写入完成，共计1344333行 [2021-01-31 17:54:45 PM]
[INFO] 20885215745549230156_202011_DETAILS.csv文件写入完成，共计7340489行 [2021-01-31 18:09:50 PM]
[INFO] 20885215745549230156_202012_DETAILS.csv文件写入完成，共计2874038行 [2021-01-31 18:15:39 PM]
[INFO] 文件夹读取完成，共处理了36个文件~，共计72498472行 [2021-01-31 18:15:40 PM]
mac魅可官方旗舰店[INFO] 20882216264361760156_201806_账务明细_2.csv文件写入完成，共计60000行 [2021-02-05 17:56:32 PM]
[INFO] 20882216264361760156_201806_账务明细_3.csv文件写入完成，共计5633行 [2021-02-05 17:56:33 PM]
[INFO] 文件夹读取完成，共处理了2个文件~，共计65633行 [2021-02-05 17:56:33 PM]
[INFO] 20888018655382240156_202104_账务明细_1.csv文件写入完成，共计58696行 [2021-07-15 16:22:51 PM]
--------
Q2

[INFO] 20888018655382240156_202105_账务明细_1.csv文件写入完成，共计60000行 [2021-07-15 16:25:06 PM]
[INFO] 20888018655382240156_202105_账务明细_2.csv文件写入完成，共计35123行 [2021-07-15 16:26:09 PM]
[INFO] 20888018655382240156_202106_账务明细_1.csv文件写入完成，共计30261行 [2021-07-15 16:27:17 PM]
[INFO] 文件夹读取完成，共处理了4个文件~，共计184080行
Christian Louboutin美妆官方旗舰店---------------------- [2021-07-15 16:27:17 PM]
[INFO] 20880114993775220156_202104_账务明细_1.csv文件写入完成，共计15594行 [2021-07-15 16:31:44 PM]
[INFO] 20880114993775220156_202105_账务明细_1.csv文件写入完成，共计18199行 [2021-07-15 16:32:32 PM]
[INFO] 20880114993775220156_202106_账务明细_1.csv文件写入完成，共计33445行 [2021-07-15 16:33:54 PM]
[INFO] 文件夹读取完成，共处理了3个文件~，共计67238行
valmont天猫旗舰店---------------------- [2021-07-15 16:33:54 PM]
[INFO] 20889010457084000156_202104_账务明细_1.csv文件写入完成，共计660851行 [2021-07-15 16:57:55 PM]
[INFO] 20889010457084000156_202105_账务明细_1.csv文件写入完成，共计293704行 [2021-07-15 17:06:47 PM]
[INFO] 20889010457084000156_202106_账务明细_1.csv文件写入完成，共计1000000行 [2021-07-15 17:35:45 PM]
[INFO] 20889010457084000156_202106_账务明细_2.csv文件写入完成，共计1000000行 [2021-07-15 18:02:19 PM]
[INFO] 20889010457084000156_202106_账务明细_3.csv文件写入完成，共计1000000行 [2021-07-15 18:25:37 PM]
[INFO] 20889010457084000156_202106_账务明细_4.csv文件写入完成，共计256834行 [2021-07-15 18:31:03 PM]
[INFO] 文件夹读取完成，共处理了6个文件~，共计4211389行
贝德玛官方旗舰店---------------------- [2021-07-15 18:31:03 PM]
[INFO] 20880115648640230156_202106_账务明细_1.csv文件写入完成，共计7行 [2021-07-15 18:36:39 PM]
[INFO] 文件夹读取完成，共处理了1个文件~，共计7行
esthederm雅诗敦官方旗舰店---------------------- [2021-07-15 18:36:39 PM]
[INFO] 20888015862668550156_202106_账务明细_1.csv文件写入完成，共计106行 [2021-07-15 18:37:31 PM]
[INFO] 文件夹读取完成，共处理了1个文件~，共计106行
阿蒂仙之香官方旗舰店---------------------- [2021-07-15 18:37:31 PM]
[INFO] 20881119563345640156_202104_账务明细_1.csv文件写入完成，共计4616行 [2021-07-15 18:47:04 PM]
[INFO] 20881119563345640156_202105_账务明细_1.csv文件写入完成，共计12013行 [2021-07-15 18:47:48 PM]
[INFO] 20881119563345640156_202106_账务明细_1.csv文件写入完成，共计36148行 [2021-07-15 18:48:56 PM]
[INFO] 文件夹读取完成，共处理了3个文件~，共计52777行
三宅一生香氛官方旗舰店---------------------- [2021-07-15 18:48:56 PM]
[INFO] 20881119714767860156_202104_账务明细_1.csv文件写入完成，共计53行 [2021-07-15 18:50:20 PM]
[INFO] 20881119714767860156_202105_账务明细_1.csv文件写入完成，共计1373行 [2021-07-15 18:50:26 PM]
[INFO] 20881119714767860156_202106_账务明细_1.csv文件写入完成，共计16458行 [2021-07-15 18:51:00 PM]
[INFO] 文件夹读取完成，共处理了3个文件~，共计17884行
纳西索罗德里格斯旗舰店---------------------- [2021-07-15 18:51:00 PM]
[INFO] 2088531844729331_fee_202104_1.csv文件写入完成，共计31698行 [2021-07-16 10:01:39 AM]
[INFO] 2088531844729331_fee_202105_1.csv文件写入完成，共计27701行 [2021-07-16 10:02:02 AM]
[INFO] 2088531844729331_fee_202106_1.csv文件写入完成，共计33906行 [2021-07-16 10:02:41 AM]
[INFO] 文件夹读取完成，共处理了3个文件~，共计93305行
潘海利根海外旗舰店---------------------- [2021-07-16 10:02:41 AM]
[INFO] 2088831273332431_fee_202104_1.csv文件写入完成，共计9500行 [2021-07-16 10:06:03 AM]
[INFO] 2088831273332431_fee_202105_1.csv文件写入完成，共计12793行 [2021-07-16 10:06:12 AM]
[INFO] 2088831273332431_fee_202106_1.csv文件写入完成，共计22771行 [2021-07-16 10:06:32 AM]
[INFO] 文件夹读取完成，共处理了3个文件~，共计45064行
阿蒂仙之香海外旗舰店---------------------- [2021-07-16 10:06:32 AM]
